This is pdfTeX, Version 3.14159265-2.6-1.40.15 (TeX Live 2014) (preloaded format=pdflatex 2014.5.25)  21 DEC 2014 16:06
entering extended mode
 restricted \write18 enabled.
 %&-line parsing enabled.
**dyplom-inz-utf8-unix.tex -recorder
(./dyplom-inz-utf8-unix.tex
LaTeX2e <2014/05/01>
Babel <3.9k> and hyphenation patterns for 78 languages loaded.
(./mgr.cls
Document Class: mgr 2005/12/01 Non-Standard LaTeX document class
(/usr/local/texlive/2014/texmf-dist/tex/latex/base/bk12.clo
File: bk12.clo 2007/10/19 v1.4h Standard LaTeX file (size option)
)
\c@part=\count79
\c@chapter=\count80
\c@section=\count81
\c@subsection=\count82
\c@subsubsection=\count83
\c@paragraph=\count84
\c@subparagraph=\count85
\c@figure=\count86
\c@table=\count87
\abovecaptionskip=\skip41
\belowcaptionskip=\skip42
\bibindent=\dimen102
)
(/usr/local/texlive/2014/texmf-dist/tex/latex/polski/polski.sty
Package: polski 2008/02/24 v1.3.3 Polish language package

Document language package `polski' v1.3.3 <2008/02/24>
   Switching to Polish text encoding and Polish maths fonts.
(/usr/local/texlive/2014/texmf-dist/tex/latex/base/ot4enc.def
File: ot4enc.def 2005/09/27 v1.99g Standard LaTeX file
)
LaTeX Font Info:    Try loading font information for OT4+cmr on input line 346.


(/usr/local/texlive/2014/texmf-dist/tex/latex/polski/ot4cmr.fd
File: ot4cmr.fd 2008/02/24 v1.2.1 Font defs for fonts PL (MW)
)
LaTeX Font Info:    Overwriting math alphabet `\mathbf' in version `normal'
(Font)                  OT1/cmr/bx/n --> OT4/cmr/bx/n on input line 346.
LaTeX Font Info:    Overwriting math alphabet `\mathsf' in version `normal'
(Font)                  OT1/cmss/m/n --> OT4/cmss/m/n on input line 346.
LaTeX Font Info:    Overwriting math alphabet `\mathit' in version `normal'
(Font)                  OT1/cmr/m/it --> OT4/cmr/m/it on input line 346.
LaTeX Font Info:    Overwriting math alphabet `\mathtt' in version `normal'
(Font)                  OT1/cmtt/m/n --> OT4/cmtt/m/n on input line 346.
LaTeX Font Info:    Overwriting math alphabet `\mathsf' in version `bold'
(Font)                  OT1/cmss/bx/n --> OT4/cmss/bx/n on input line 346.
LaTeX Font Info:    Overwriting math alphabet `\mathit' in version `bold'
(Font)                  OT1/cmr/bx/it --> OT4/cmr/bx/it on input line 346.
LaTeX Font Info:    Encoding `OT1' has changed to `OT4' for symbol font
(Font)              `operators' in the math version `normal' on input line 346.

LaTeX Font Info:    Overwriting symbol font `operators' in version `normal'
(Font)                  OT1/cmr/m/n --> OT4/cmr/m/n on input line 346.
LaTeX Font Info:    Overwriting symbol font `letters' in version `normal'
(Font)                  OML/cmm/m/it --> OML/plm/m/it on input line 346.
LaTeX Font Info:    Overwriting symbol font `symbols' in version `normal'
(Font)                  OMS/cmsy/m/n --> OMS/plsy/m/n on input line 346.
LaTeX Font Info:    Overwriting symbol font `largesymbols' in version `normal'
(Font)                  OMX/cmex/m/n --> OMX/plex/m/n on input line 346.
LaTeX Font Info:    Encoding `OT1' has changed to `OT4' for symbol font
(Font)              `operators' in the math version `bold' on input line 346.
LaTeX Font Info:    Overwriting symbol font `operators' in version `bold'
(Font)                  OT1/cmr/bx/n --> OT4/cmr/bx/n on input line 346.
LaTeX Font Info:    Overwriting symbol font `letters' in version `bold'
(Font)                  OML/cmm/b/it --> OML/plm/b/it on input line 346.
LaTeX Font Info:    Overwriting symbol font `symbols' in version `bold'
(Font)                  OMS/cmsy/b/n --> OMS/plsy/b/n on input line 346.
)
(/usr/local/texlive/2014/texmf-dist/tex/latex/base/inputenc.sty
Package: inputenc 2014/04/30 v1.2b Input encoding file
\inpenc@prehook=\toks14
\inpenc@posthook=\toks15

(/usr/local/texlive/2014/texmf-dist/tex/latex/ucs/utf8x.def
File: utf8x.def 2004/10/17 UCS: Input encoding UTF-8
))
(/usr/local/texlive/2014/texmf-dist/tex/latex/ucs/ucs.sty
Package: ucs 2013/05/11 v2.2 UCS: Unicode input support

(/usr/local/texlive/2014/texmf-dist/tex/latex/ucs/data/uni-global.def
File: uni-global.def 2013/05/13 UCS: Unicode global data
)
\uc@secondtry=\count88
\uc@combtoks=\toks16
\uc@combtoksb=\toks17
\uc@temptokena=\toks18
)
(/usr/local/texlive/2014/texmf-dist/tex/latex/base/fontenc.sty
Package: fontenc 2005/09/27 v1.99g Standard LaTeX package

(/usr/local/texlive/2014/texmf-dist/tex/latex/base/t1enc.def
File: t1enc.def 2005/09/27 v1.99g Standard LaTeX file
LaTeX Font Info:    Redeclaring font encoding T1 on input line 43.
))
(/usr/local/texlive/2014/texmf-dist/tex/latex/graphics/graphicx.sty
Package: graphicx 2014/04/25 v1.0g Enhanced LaTeX Graphics (DPC,SPQR)

(/usr/local/texlive/2014/texmf-dist/tex/latex/graphics/keyval.sty
Package: keyval 2014/05/08 v1.15 key=value parser (DPC)
\KV@toks@=\toks19
)
(/usr/local/texlive/2014/texmf-dist/tex/latex/graphics/graphics.sty
Package: graphics 2009/02/05 v1.0o Standard LaTeX Graphics (DPC,SPQR)

(/usr/local/texlive/2014/texmf-dist/tex/latex/graphics/trig.sty
Package: trig 1999/03/16 v1.09 sin cos tan (DPC)
)
(/usr/local/texlive/2014/texmf-dist/tex/latex/latexconfig/graphics.cfg
File: graphics.cfg 2010/04/23 v1.9 graphics configuration of TeX Live
)
Package graphics Info: Driver file: pdftex.def on input line 91.

(/usr/local/texlive/2014/texmf-dist/tex/latex/pdftex-def/pdftex.def
File: pdftex.def 2011/05/27 v0.06d Graphics/color for pdfTeX

(/usr/local/texlive/2014/texmf-dist/tex/generic/oberdiek/infwarerr.sty
Package: infwarerr 2010/04/08 v1.3 Providing info/warning/error messages (HO)
)
(/usr/local/texlive/2014/texmf-dist/tex/generic/oberdiek/ltxcmds.sty
Package: ltxcmds 2011/11/09 v1.22 LaTeX kernel commands for general use (HO)
)
\Gread@gobject=\count89
))
\Gin@req@height=\dimen103
\Gin@req@width=\dimen104
)
(/usr/local/texlive/2014/texmf-dist/tex/latex/subfigure/subfigure.sty
Package: subfigure 2002/03/15 v2.1.5 subfigure package
\subfigtopskip=\skip43
\subfigcapskip=\skip44
\subfigcaptopadj=\dimen105
\subfigbottomskip=\skip45
\subfigcapmargin=\dimen106
\subfiglabelskip=\skip46
\c@subfigure=\count90
\c@lofdepth=\count91
\c@subtable=\count92
\c@lotdepth=\count93

****************************************
* Local config file subfigure.cfg used *
****************************************
(/usr/local/texlive/2014/texmf-dist/tex/latex/subfigure/subfigure.cfg)
\subfig@top=\skip47
\subfig@bottom=\skip48
)
(/usr/local/texlive/2014/texmf-dist/tex/latex/psfrag/psfrag.sty
Package: psfrag 1998/04/11 v3.04 PSfrag (MCG)
\pfg@pcount=\count94
\pfg@scount=\count95
\pfg@temp=\write3
)
(/usr/local/texlive/2014/texmf-dist/tex/latex/float/float.sty
Package: float 2001/11/08 v1.3d Float enhancements (AL)
\c@float@type=\count96
\float@exts=\toks20
\float@box=\box26
\@float@everytoks=\toks21
\@floatcapt=\box27
)
(/usr/local/texlive/2014/texmf-dist/tex/latex/url/url.sty
\Urlmuskip=\muskip10
Package: url 2013/09/16  ver 3.4  Verb mode for urls, etc.
)
(/usr/local/texlive/2014/texmf-dist/tex/latex/enumitem/enumitem.sty
Package: enumitem 2011/09/28 v3.5.2 Customized lists
\labelindent=\skip49
\enit@outerparindent=\dimen107
\enit@toks=\toks22
\enit@inbox=\box28
\enitdp@description=\count97
)
(/usr/local/texlive/2014/texmf-dist/tex/latex/base/alltt.sty
Package: alltt 1997/06/16 v2.0g defines alltt environment
)
(/usr/local/texlive/2014/texmf-dist/tex/latex/amsmath/amsmath.sty
Package: amsmath 2013/01/14 v2.14 AMS math features
\@mathmargin=\skip50

For additional information on amsmath, use the `?' option.
(/usr/local/texlive/2014/texmf-dist/tex/latex/amsmath/amstext.sty
Package: amstext 2000/06/29 v2.01

(/usr/local/texlive/2014/texmf-dist/tex/latex/amsmath/amsgen.sty
File: amsgen.sty 1999/11/30 v2.0
\@emptytoks=\toks23
\ex@=\dimen108
))
(/usr/local/texlive/2014/texmf-dist/tex/latex/amsmath/amsbsy.sty
Package: amsbsy 1999/11/29 v1.2d
\pmbraise@=\dimen109
)
(/usr/local/texlive/2014/texmf-dist/tex/latex/amsmath/amsopn.sty
Package: amsopn 1999/12/14 v2.01 operator names
)
\inf@bad=\count98
LaTeX Info: Redefining \frac on input line 210.
\uproot@=\count99
\leftroot@=\count100
LaTeX Info: Redefining \overline on input line 306.
\classnum@=\count101
\DOTSCASE@=\count102
LaTeX Info: Redefining \ldots on input line 378.
LaTeX Info: Redefining \dots on input line 381.
LaTeX Info: Redefining \cdots on input line 466.
\Mathstrutbox@=\box29
\strutbox@=\box30
\big@size=\dimen110
LaTeX Font Info:    Redeclaring font encoding OML on input line 566.
LaTeX Font Info:    Redeclaring font encoding OMS on input line 567.
\macc@depth=\count103
\c@MaxMatrixCols=\count104
\dotsspace@=\muskip11
\c@parentequation=\count105
\dspbrk@lvl=\count106
\tag@help=\toks24
\row@=\count107
\column@=\count108
\maxfields@=\count109
\andhelp@=\toks25
\eqnshift@=\dimen111
\alignsep@=\dimen112
\tagshift@=\dimen113
\tagwidth@=\dimen114
\totwidth@=\dimen115
\lineht@=\dimen116
\@envbody=\toks26
\multlinegap=\skip51
\multlinetaggap=\skip52
\mathdisplay@stack=\toks27
LaTeX Info: Redefining \[ on input line 2665.
LaTeX Info: Redefining \] on input line 2666.
)
(/usr/local/texlive/2014/texmf-dist/tex/latex/amsfonts/amsfonts.sty
Package: amsfonts 2013/01/14 v3.01 Basic AMSFonts support
\symAMSa=\mathgroup4
\symAMSb=\mathgroup5
LaTeX Font Info:    Overwriting math alphabet `\mathfrak' in version `bold'
(Font)                  U/euf/m/n --> U/euf/b/n on input line 106.
)
(/usr/local/texlive/2014/texmf-dist/tex/latex/supertabular/supertabular.sty
Package: supertabular 2004/02/20 v4.1e the supertabular environment
\c@tracingst=\count110
\ST@wd=\dimen117
\ST@rightskip=\skip53
\ST@leftskip=\skip54
\ST@parfillskip=\skip55
\ST@pageleft=\dimen118
\ST@headht=\dimen119
\ST@tailht=\dimen120
\ST@pagesofar=\dimen121
\ST@pboxht=\dimen122
\ST@lineht=\dimen123
\ST@stretchht=\dimen124
\ST@prevht=\dimen125
\ST@toadd=\dimen126
\ST@dimen=\dimen127
\ST@pbox=\box31
)
(/usr/local/texlive/2014/texmf-dist/tex/latex/tools/array.sty
Package: array 2008/09/09 v2.4c Tabular extension package (FMi)
\col@sep=\dimen128
\extrarowheight=\dimen129
\NC@list=\toks28
\extratabsurround=\skip56
\backup@length=\skip57
)
(/usr/local/texlive/2014/texmf-dist/tex/latex/tools/tabularx.sty
Package: tabularx 2014/05/13 v2.10 `tabularx' package (DPC)
\TX@col@width=\dimen130
\TX@old@table=\dimen131
\TX@old@col=\dimen132
\TX@target=\dimen133
\TX@delta=\dimen134
\TX@cols=\count111
\TX@ftn=\toks29
)
(/usr/local/texlive/2014/texmf-dist/tex/latex/tools/hhline.sty
Package: hhline 1994/05/23 v2.03 Table rule package (DPC)
)
(/usr/local/texlive/2014/texmf-dist/tex/latex/listings/listings.sty
\lst@mode=\count112
\lst@gtempboxa=\box32
\lst@token=\toks30
\lst@length=\count113
\lst@currlwidth=\dimen135
\lst@column=\count114
\lst@pos=\count115
\lst@lostspace=\dimen136
\lst@width=\dimen137
\lst@newlines=\count116
\lst@lineno=\count117
\lst@maxwidth=\dimen138

(/usr/local/texlive/2014/texmf-dist/tex/latex/listings/lstmisc.sty
File: lstmisc.sty 2014/03/04 1.5c (Carsten Heinz)
\c@lstnumber=\count118
\lst@skipnumbers=\count119
\lst@framebox=\box33
)
(/usr/local/texlive/2014/texmf-dist/tex/latex/listings/listings.cfg
File: listings.cfg 2014/03/04 1.5c listings configuration
))
Package: listings 2014/03/04 1.5c (Carsten Heinz)

(/usr/local/texlive/2014/texmf-dist/tex/latex/graphics/color.sty
Package: color 2014/04/23 v1.1a Standard LaTeX Color (DPC)

(/usr/local/texlive/2014/texmf-dist/tex/latex/latexconfig/color.cfg
File: color.cfg 2007/01/18 v1.5 color configuration of teTeX/TeXLive
)
Package color Info: Driver file: pdftex.def on input line 137.
)
(/usr/local/texlive/2014/texmf-dist/tex/latex/tools/indentfirst.sty
Package: indentfirst 1995/11/23 v1.03 Indent first paragraph (DPC)
)
(/usr/local/texlive/2014/texmf-dist/tex/latex/psnfss/courier.sty
Package: courier 2005/04/12 PSNFSS-v9.2a (WaS) 
)
(/usr/local/texlive/2014/texmf-dist/tex/latex/listings/lstlang1.sty
File: lstlang1.sty 2014/03/04 1.5c listings language file
)
(/usr/local/texlive/2014/texmf-dist/tex/latex/listings/lstlang1.sty
File: lstlang1.sty 2014/03/04 1.5c listings language file
)
(/usr/local/texlive/2014/texmf-dist/tex/latex/listings/lstmisc.sty
File: lstmisc.sty 2014/03/04 1.5c (Carsten Heinz)
)
\c@theorem=\count120

(./dyplom-inz-utf8-unix.aux)
\openout1 = `dyplom-inz-utf8-unix.aux'.

LaTeX Font Info:    Checking defaults for OML/cmm/m/it on input line 109.
LaTeX Font Info:    ... okay on input line 109.
LaTeX Font Info:    Checking defaults for T1/cmr/m/n on input line 109.
LaTeX Font Info:    ... okay on input line 109.
LaTeX Font Info:    Checking defaults for OT1/cmr/m/n on input line 109.
LaTeX Font Info:    ... okay on input line 109.
LaTeX Font Info:    Checking defaults for OMS/cmsy/m/n on input line 109.
LaTeX Font Info:    ... okay on input line 109.
LaTeX Font Info:    Checking defaults for OMX/cmex/m/n on input line 109.
LaTeX Font Info:    ... okay on input line 109.
LaTeX Font Info:    Checking defaults for U/cmr/m/n on input line 109.
LaTeX Font Info:    ... okay on input line 109.
LaTeX Font Info:    Checking defaults for OT4/cmr/m/n on input line 109.
LaTeX Font Info:    ... okay on input line 109.

(/usr/local/texlive/2014/texmf-dist/tex/latex/ucs/ucsencs.def
File: ucsencs.def 2011/01/21 Fixes to fontencodings LGR, T3
)
(/usr/local/texlive/2014/texmf-dist/tex/context/base/supp-pdf.mkii
[Loading MPS to PDF converter (version 2006.09.02).]
\scratchcounter=\count121
\scratchdimen=\dimen139
\scratchbox=\box34
\nofMPsegments=\count122
\nofMParguments=\count123
\everyMPshowfont=\toks31
\MPscratchCnt=\count124
\MPscratchDim=\dimen140
\MPnumerator=\count125
\makeMPintoPDFobject=\count126
\everyMPtoPDFconversion=\toks32
) (/usr/local/texlive/2014/texmf-dist/tex/generic/oberdiek/pdftexcmds.sty
Package: pdftexcmds 2011/11/29 v0.20 Utility functions of pdfTeX for LuaTeX (HO
)

(/usr/local/texlive/2014/texmf-dist/tex/generic/oberdiek/ifluatex.sty
Package: ifluatex 2010/03/01 v1.3 Provides the ifluatex switch (HO)
Package ifluatex Info: LuaTeX not detected.
)
(/usr/local/texlive/2014/texmf-dist/tex/generic/oberdiek/ifpdf.sty
Package: ifpdf 2011/01/30 v2.3 Provides the ifpdf switch (HO)
Package ifpdf Info: pdfTeX in PDF mode is detected.
)
Package pdftexcmds Info: LuaTeX not detected.
Package pdftexcmds Info: \pdf@primitive is available.
Package pdftexcmds Info: \pdf@ifprimitive is available.
Package pdftexcmds Info: \pdfdraftmode found.
)
(/usr/local/texlive/2014/texmf-dist/tex/latex/oberdiek/epstopdf-base.sty
Package: epstopdf-base 2010/02/09 v2.5 Base part for package epstopdf

(/usr/local/texlive/2014/texmf-dist/tex/latex/oberdiek/grfext.sty
Package: grfext 2010/08/19 v1.1 Manage graphics extensions (HO)

(/usr/local/texlive/2014/texmf-dist/tex/generic/oberdiek/kvdefinekeys.sty
Package: kvdefinekeys 2011/04/07 v1.3 Define keys (HO)
))
(/usr/local/texlive/2014/texmf-dist/tex/latex/oberdiek/kvoptions.sty
Package: kvoptions 2011/06/30 v3.11 Key value format for package options (HO)

(/usr/local/texlive/2014/texmf-dist/tex/generic/oberdiek/kvsetkeys.sty
Package: kvsetkeys 2012/04/25 v1.16 Key value parser (HO)

(/usr/local/texlive/2014/texmf-dist/tex/generic/oberdiek/etexcmds.sty
Package: etexcmds 2011/02/16 v1.5 Avoid name clashes with e-TeX commands (HO)
Package etexcmds Info: Could not find \expanded.
(etexcmds)             That can mean that you are not using pdfTeX 1.50 or
(etexcmds)             that some package has redefined \expanded.
(etexcmds)             In the latter case, load this package earlier.
)))
Package grfext Info: Graphics extension search list:
(grfext)             [.png,.pdf,.jpg,.mps,.jpeg,.jbig2,.jb2,.PNG,.PDF,.JPG,.JPE
G,.JBIG2,.JB2,.eps]
(grfext)             \AppendGraphicsExtensions on input line 452.

(/usr/local/texlive/2014/texmf-dist/tex/latex/latexconfig/epstopdf-sys.cfg
File: epstopdf-sys.cfg 2010/07/13 v1.3 Configuration of (r)epstopdf for TeX Liv
e
))
\c@lstlisting=\count127
\@temphbadness=\count128
\@tempvbadness=\count129
\@temphfuzz=\skip58
\@temptextwidth=\skip59
\@temptextheight=\skip60
\@temptopmargin=\skip61
\@tempheadheight=\skip62
\@tempheadsep=\skip63
\@tempoddsidemargin=\skip64
\@tempevensidemargin=\skip65
LaTeX Font Info:    Try loading font information for OML+plm on input line 113.


(/usr/local/texlive/2014/texmf-dist/tex/latex/polski/omlplm.fd
File: omlplm.fd 2008/02/24 v1.2.1 Font defs for fonts PL (MW)
)
LaTeX Font Info:    Try loading font information for OMS+plsy on input line 113
.

(/usr/local/texlive/2014/texmf-dist/tex/latex/polski/omsplsy.fd
File: omsplsy.fd 2008/02/24 v1.2.1 Font defs for fonts PL (MW)
)
LaTeX Font Info:    Try loading font information for OMX+plex on input line 113
.

(/usr/local/texlive/2014/texmf-dist/tex/latex/polski/omxplex.fd
File: omxplex.fd 2008/02/24 v1.2.1 Font defs for fonts PL (MW)
)
LaTeX Font Info:    External font `plex10' loaded for size
(Font)              <12> on input line 113.
LaTeX Font Info:    External font `plex10' loaded for size
(Font)              <8> on input line 113.
LaTeX Font Info:    External font `plex10' loaded for size
(Font)              <6> on input line 113.
LaTeX Font Info:    Try loading font information for U+msa on input line 113.

(/usr/local/texlive/2014/texmf-dist/tex/latex/amsfonts/umsa.fd
File: umsa.fd 2013/01/14 v3.01 AMS symbols A
)
LaTeX Font Info:    Try loading font information for U+msb on input line 113.

(/usr/local/texlive/2014/texmf-dist/tex/latex/amsfonts/umsb.fd
File: umsb.fd 2013/01/14 v3.01 AMS symbols B
)
\@tempheightkier=\skip66
\@tempheighttkier=\skip67
\@tempheightspec=\skip68
\@tempheighttspec=\skip69

(/usr/local/texlive/2014/texmf-dist/tex/latex/ucs/data/uni-1.def
File: uni-1.def 2013/05/13 UCS: Unicode data U+0100..U+01FF
)
(/usr/local/texlive/2014/texmf-dist/tex/latex/ucs/data/uni-0.def
File: uni-0.def 2013/05/13 UCS: Unicode data U+0000..U+00FF
)
LaTeX Font Info:    External font `plex10' loaded for size
(Font)              <14.4> on input line 113.
LaTeX Font Info:    External font `plex10' loaded for size
(Font)              <10> on input line 113.
LaTeX Font Info:    External font `plex10' loaded for size
(Font)              <7> on input line 113.
 [1
Non-PDF special ignored!



{/usr/local/texlive/2014/texmf-var/fonts/map/pdftex/updmap/pdftex.map}] [0


] (./dyplom-inz-utf8-unix.toc)
\tf@toc=\write4
\openout4 = `dyplom-inz-utf8-unix.toc'.

 [1] [2


] [3] [4


]
Rozdzia\PlPrIeC {\l } 1.
[5] [6


]
Rozdzia\PlPrIeC {\l } 2.
<Figures/tlc_array.png, id=38, 1498.59875pt x 249.93375pt>
File: Figures/tlc_array.png Graphic file (type png)

<use Figures/tlc_array.png>
Package pdftex.def Info: Figures/tlc_array.png used on input line 163.
(pdftex.def)             Requested size: 455.24408pt x 75.92267pt.

<Figures/tlc_2leds.png, id=40, 642.2394pt x 120.45pt>
File: Figures/tlc_2leds.png Graphic file (type png)

<use Figures/tlc_2leds.png>
Package pdftex.def Info: Figures/tlc_2leds.png used on input line 174.
(pdftex.def)             Requested size: 455.24408pt x 85.3804pt.
 [7 <./Figures/tlc_array.png> <./Figures/tlc_2leds.png>]
Underfull \hbox (badness 1789) in paragraph at lines 194--194
[]|\T1/cmr/m/n/12 Broadcom BCM2835 (CPU + GPU + DSP +
 []

[8]
Rozdzia\PlPrIeC {\l } 3.

Overfull \hbox (10.68604pt too wide) in paragraph at lines 230--230
[]\T1/cmr/bx/n/17.28 Aplikacja gra-ficz-na \T1/cmr/bx/it/17.28 Led-Si-mu-la-tor
 \T1/cmr/bx/n/17.28 do sy-mu-la-cji dzia-
 []

[9


]
LaTeX Font Info:    Try loading font information for T1+pcr on input line 235.
 (/usr/local/texlive/2014/texmf-dist/tex/latex/psnfss/t1pcr.fd
File: t1pcr.fd 2001/06/04 font definitions for T1/pcr.
)
(/usr/local/texlive/2014/texmf-dist/tex/latex/listings/lstlang1.sty
File: lstlang1.sty 2014/03/04 1.5c listings language file
)
(/usr/local/texlive/2014/texmf-dist/tex/latex/listings/lstlang1.sty
File: lstlang1.sty 2014/03/04 1.5c listings language file
)
Overfull \hbox (17.62482pt too wide) in paragraph at lines 270--290
[]$[]$ 
 []


Underfull \vbox (badness 1107) has occurred while \output is active []

 [10]
Overfull \hbox (17.62482pt too wide) in paragraph at lines 296--310
[]$[]$ 
 []

LaTeX Font Info:    Try loading font information for OMS+cmr on input line 316.

(/usr/local/texlive/2014/texmf-dist/tex/latex/base/omscmr.fd
File: omscmr.fd 1999/05/25 v2.5h Standard LaTeX font definitions
)
LaTeX Font Info:    Font shape `OMS/cmr/m/n' in size <12> not available
(Font)              Font shape `OMS/cmsy/m/n' tried instead on input line 316.

<Figures/spi3.png, id=64, 1673.25125pt x 982.67125pt>
File: Figures/spi3.png Graphic file (type png)
 <use Figures/spi3.png>
Package pdftex.def Info: Figures/spi3.png used on input line 327.
(pdftex.def)             Requested size: 318.66946pt x 187.1443pt.

[11] [12 <./Figures/spi3.png>]
Rozdzia\PlPrIeC {\l } 4.
LaTeX Font Info:    Try loading font information for OMS+pcr on input line 353.

(/usr/local/texlive/2014/texmf-dist/tex/latex/psnfss/omspcr.fd
File: omspcr.fd 
)
LaTeX Font Info:    Font shape `OMS/pcr/m/n' in size <12> not available
(Font)              Font shape `OMS/cmsy/m/n' tried instead on input line 353.
LaTeX Font Info:    Font shape `T1/pcr/bx/n' in size <12> not available
(Font)              Font shape `T1/pcr/b/n' tried instead on input line 353.

Underfull \hbox (badness 10000) in paragraph at lines 382--383
[]\T1/pcr/b/n/12 static int \T1/pcr/m/n/12 insertLedRgb(\T1/pcr/b/n/12 uint32_t
 \T1/pcr/m/n/12 ledNumber, \T1/pcr/b/n/12 uint64_t
 []


Overfull \hbox (17.62482pt too wide) in paragraph at lines 374--388
[]$[]$ 
 []

[13


] [14] [15] [16]
Underfull \vbox (badness 10000) has occurred while \output is active []

 [17]
[18] <Figures/ledSimulator.png, id=96, 1017.8025pt x 409.53pt>
File: Figures/ledSimulator.png Graphic file (type png)

<use Figures/ledSimulator.png>
Package pdftex.def Info: Figures/ledSimulator.png used on input line 771.
(pdftex.def)             Requested size: 455.24408pt x 183.17448pt.

<Figures/ledSimulator2.png, id=97, 1017.8025pt x 409.53pt>
File: Figures/ledSimulator2.png Graphic file (type png)

<use Figures/ledSimulator2.png>
Package pdftex.def Info: Figures/ledSimulator2.png used on input line 791.
(pdftex.def)             Requested size: 455.24408pt x 183.17448pt.
 [19 <./Figures/ledSimulator.png>]
<Figures/modes.png, id=102, 352.31625pt x 152.57pt>
File: Figures/modes.png Graphic file (type png)
 <use Figures/modes.png>
Package pdftex.def Info: Figures/modes.png used on input line 810.
(pdftex.def)             Requested size: 227.62204pt x 98.57101pt.

<Figures/ledSimulator4.png, id=103, 683.55376pt x 409.53pt>
File: Figures/ledSimulator4.png Graphic file (type png)

<use Figures/ledSimulator4.png>
Package pdftex.def Info: Figures/ledSimulator4.png used on input line 819.
(pdftex.def)             Requested size: 364.19664pt x 218.19966pt.

<Figures/ledSimulator3.png, id=104, 572.1375pt x 636.3775pt>
File: Figures/ledSimulator3.png Graphic file (type png)

<use Figures/ledSimulator3.png>
Package pdftex.def Info: Figures/ledSimulator3.png used on input line 829.
(pdftex.def)             Requested size: 318.66946pt x 354.45604pt.
 [20 <./Figures/ledSimulator2.png> <./Figures/modes.png>] [21 <./Figures/ledSim
ulator4.png> <./Figures/ledSimulator3.png>]
[22


]
Rozdzia\PlPrIeC {\l } 5.

Overfull \hbox (56.4557pt too wide) in paragraph at lines 849--849
[]    $\T1/pcr/m/n/12 http : / / download . qt-[]project . org / official _ rel
eases / online _ installers /
 []

[23] [24


] (./dyplom-inz-utf8-unix.lof)
\tf@lof=\write5
\openout5 = `dyplom-inz-utf8-unix.lof'.

 (./dyplom-inz-utf8-unix.bbl [25]
[26


]
Underfull \hbox (badness 2126) in paragraph at lines 4--9
[]\T1/cmr/m/it/12 Loading I2C, SPI and 1-Wire dri-vers on the Ra-sp-ber-ry Pi u
n-der Ra-sp-bian
 []


Overfull \hbox (162.53862pt too wide) in paragraph at lines 15--18
[]\T1/cmr/m/it/12 Raspberry Pi Har-dwa-re Do-cu-men-ta-tion. SPI\T1/cmr/m/n/12 
.  http://www.raspberrypi.org/documentation/hardware/raspberrypi/spi/
 []


Underfull \hbox (badness 10000) in paragraph at lines 37--41
[]\T1/cmr/m/n/12 G. Hen-der-son.  \T1/cmr/m/it/12 Un-der-stan-ding SPI on the R
a-sp-ber-ry Pi\T1/cmr/m/n/12 .
 []


Underfull \hbox (badness 10000) in paragraph at lines 37--41
\T1/cmr/m/n/12 https://projects.drogon.net/understanding-spi-on-the-raspberry-p
i (da-ta do-st¦-pu:
 []

) [27] (./dyplom-inz-utf8-unix.aux) ) 
Here is how much of TeX's memory you used:
 6974 strings out of 493117
 92277 string characters out of 6135433
 267837 words of memory out of 5000000
 10239 multiletter control sequences out of 15000+600000
 31418 words of font info for 74 fonts, out of 8000000 for 9000
 1141 hyphenation exceptions out of 8191
 38i,15n,58p,894b,1243s stack positions out of 5000i,500n,10000p,200000b,80000s
{/usr/local/texlive/2014/texmf-dist/fonts/
enc/dvips/cm-super/cm-super-t1.enc}{/usr/local/texlive/2014/texmf-dist/fonts/en
c/dvips/base/8r.enc}{/usr/local/texlive/2014/texmf-dist/fonts/enc/dvips/pl/plms
.enc}{/usr/local/texlive/2014/texmf-dist/fonts/enc/dvips/pl/plmi.enc}</usr/loca
l/texlive/2014/texmf-dist/fonts/type1/public/amsfonts/cm/cmsy10.pfb></usr/local
/texlive/2014/texmf-dist/fonts/type1/public/pl/plmi12.pfb></usr/local/texlive/2
014/texmf-dist/fonts/type1/public/pl/plmi8.pfb></usr/local/texlive/2014/texmf-d
ist/fonts/type1/public/pl/plsy10.pfb></usr/local/texlive/2014/texmf-dist/fonts/
type1/public/cm-super/sfbi1095.pfb></usr/local/texlive/2014/texmf-dist/fonts/ty
pe1/public/cm-super/sfbi1200.pfb></usr/local/texlive/2014/texmf-dist/fonts/type
1/public/cm-super/sfbi1728.pfb></usr/local/texlive/2014/texmf-dist/fonts/type1/
public/cm-super/sfbi2488.pfb></usr/local/texlive/2014/texmf-dist/fonts/type1/pu
blic/cm-super/sfbx1095.pfb></usr/local/texlive/2014/texmf-dist/fonts/type1/publ
ic/cm-super/sfbx1200.pfb></usr/local/texlive/2014/texmf-dist/fonts/type1/public
/cm-super/sfbx1440.pfb></usr/local/texlive/2014/texmf-dist/fonts/type1/public/c
m-super/sfbx1728.pfb></usr/local/texlive/2014/texmf-dist/fonts/type1/public/cm-
super/sfbx2074.pfb></usr/local/texlive/2014/texmf-dist/fonts/type1/public/cm-su
per/sfbx2488.pfb></usr/local/texlive/2014/texmf-dist/fonts/type1/public/cm-supe
r/sfcc1728.pfb></usr/local/texlive/2014/texmf-dist/fonts/type1/public/cm-super/
sfrm0600.pfb></usr/local/texlive/2014/texmf-dist/fonts/type1/public/cm-super/sf
rm0800.pfb></usr/local/texlive/2014/texmf-dist/fonts/type1/public/cm-super/sfrm
1000.pfb></usr/local/texlive/2014/texmf-dist/fonts/type1/public/cm-super/sfrm12
00.pfb></usr/local/texlive/2014/texmf-dist/fonts/type1/public/cm-super/sfrm1440
.pfb></usr/local/texlive/2014/texmf-dist/fonts/type1/public/cm-super/sfrm2074.p
fb></usr/local/texlive/2014/texmf-dist/fonts/type1/public/cm-super/sfti1200.pfb
></usr/local/texlive/2014/texmf-dist/fonts/type1/urw/courier/ucrb8a.pfb></usr/l
ocal/texlive/2014/texmf-dist/fonts/type1/urw/courier/ucrr8a.pfb>
Output written on dyplom-inz-utf8-unix.pdf (29 pages, 659763 bytes).
PDF statistics:
 215 PDF objects out of 1000 (max. 8388607)
 142 compressed objects within 2 object streams
 0 named destinations out of 1000 (max. 500000)
 41 words of extra memory for PDF output out of 10000 (max. 10000000)

